<?xml version="1.0" encoding="UTF-8"?>
<!-- Generated by org.testng.reporters.JUnitReportReporter -->
<testsuite hostname="DESKTOP-RUJDR43" failures="0" tests="1" name="week1.ArrayTrim" time="0.011" errors="0" timestamp="2023-04-25T07:16:53 IST" skipped="0">
  <testcase classname="week1.ArrayTrim" name="TC1" time="0.011"/>
  <system-out/>
</testsuite> <!-- week1.ArrayTrim -->
